Remember that you can report errors and get help in https://github.com/NicoSantangelo/sublime-gulp

07-13-2016 11:07:
/Users/vaughnwalters/workspace/exercises/musichistory/.sublime-gulp-tmp.js:116
});
  ^

SyntaxError: Unexpected end of input
    at exports.runInThisContext (vm.js:53:16)
    at Module._compile (module.js:373:25)
    at Object.Module._extensions..js (module.js:416:10)
    at Module.load (module.js:343:32)
    at Function.Module._load (module.js:300:12)
    at Module.require (module.js:353:17)
    at require (internal/module.js:12:17)
    at requireGulp (/Users/vaughnwalters/Library/Application Support/Sublime Text 3/Packages/Gulp/write_tasks_to_cache.js:28:16)
    at Object.<anonymous> (/Users/vaughnwalters/Library/Application Support/Sublime Text 3/Packages/Gulp/write_tasks_to_cache.js:83:12)
    at Module._compile (module.js:409:26)


07-13-2016 11:07:
/Users/vaughnwalters/workspace/exercises/musichistory/.sublime-gulp-tmp.js:114
}
^

SyntaxError: missing ) after argument list
    at exports.runInThisContext (vm.js:53:16)
    at Module._compile (module.js:373:25)
    at Object.Module._extensions..js (module.js:416:10)
    at Module.load (module.js:343:32)
    at Function.Module._load (module.js:300:12)
    at Module.require (module.js:353:17)
    at require (internal/module.js:12:17)
    at requireGulp (/Users/vaughnwalters/Library/Application Support/Sublime Text 3/Packages/Gulp/write_tasks_to_cache.js:28:16)
    at Object.<anonymous> (/Users/vaughnwalters/Library/Application Support/Sublime Text 3/Packages/Gulp/write_tasks_to_cache.js:83:12)
    at Module._compile (module.js:409:26)
